<?xml version="1.0" encoding="UTF-8"?>
<!-- Generated by org.testng.reporters.JUnitXMLReporter -->
<testsuite ignored="10" hostname="techleads-Mac-mini.local" failures="0" tests="1" name="Default test" time="0.06" errors="0" timestamp="2021-11-24T01:07:46 IST">
  <testcase classname="com.cs.arris.Base.ParentClass" name="@BeforeSuite beforeSuite" time="-1.637696261131E9">
    <failure type="org.testng.TestNGException" message="
Parameter &amp;apos;platform&amp;apos; is required by BeforeSuite on method beforeSuite but has not been marked @Optional or defined
in /private/var/folders/0n/gztfs3315sqflgmf8691xcwr0000gp/T/testng-eclipse--1550014354/testng-customsuite.xml">
      <![CDATA[org.testng.TestNGException: 
Parameter 'platform' is required by BeforeSuite on method beforeSuite but has not been marked @Optional or defined
in /private/var/folders/0n/gztfs3315sqflgmf8691xcwr0000gp/T/testng-eclipse--1550014354/testng-customsuite.xml
at org.testng.internal.Parameters.createParams(Parameters.java:270)
at org.testng.internal.Parameters.createParametersForMethod(Parameters.java:358)
at org.testng.internal.Parameters.createParameters(Parameters.java:700)
at org.testng.internal.Parameters.createConfigurationParameters(Parameters.java:168)
at org.testng.internal.ConfigInvoker.invokeConfigurations(ConfigInvoker.java:302)
at org.testng.SuiteRunner.privateRun(SuiteRunner.java:317)
at org.testng.SuiteRunner.run(SuiteRunner.java:276)
at org.testng.SuiteRunnerWorker.runSuite(SuiteRunnerWorker.java:53)
at org.testng.SuiteRunnerWorker.run(SuiteRunnerWorker.java:96)
at org.testng.TestNG.runSuitesSequentially(TestNG.java:1212)
at org.testng.TestNG.runSuitesLocally(TestNG.java:1134)
at org.testng.TestNG.runSuites(TestNG.java:1063)
at org.testng.TestNG.run(TestNG.java:1031)
at org.testng.remote.AbstractRemoteTestNG.run(AbstractRemoteTestNG.java:115)
at org.testng.remote.RemoteTestNG.initAndRun(RemoteTestNG.java:251)
at org.testng.remote.RemoteTestNG.main(RemoteTestNG.java:77)
]]>
    </failure>
  </testcase> <!-- @BeforeSuite beforeSuite -->
  <testcase classname="com.cs.arris.Base.ParentClass" name="@BeforeTest beforeTest" time="-1.637696261153E9">
    <skipped/>
  </testcase> <!-- @BeforeTest beforeTest -->
  <testcase classname="com.cs.arris.Tests.TC62_Login_And_Verify_Add_Device_Test" name="@BeforeClass beforeClass" time="-1.637696261183E9">
    <skipped/>
  </testcase> <!-- @BeforeClass beforeClass -->
  <testcase classname="com.cs.arris.Base.ParentClass" name="@BeforeMethod beforeMethod" time="-1.637696261193E9">
    <skipped/>
  </testcase> <!-- @BeforeMethod beforeMethod -->
  <testcase classname="com.cs.arris.Tests.TC62_Login_And_Verify_Add_Device_Test" name="@BeforeMethod beforeMethod" time="-1.637696261195E9">
    <skipped/>
  </testcase> <!-- @BeforeMethod beforeMethod -->
  <testcase classname="com.cs.arris.Base.ParentClass" name="@AfterMethod afterMethod" time="-1.637696261202E9">
    <skipped/>
  </testcase> <!-- @AfterMethod afterMethod -->
  <testcase classname="com.cs.arris.Base.ParentClass" name="@AfterTest afterTest" time="-1.637696261206E9">
    <skipped/>
  </testcase> <!-- @AfterTest afterTest -->
  <testcase classname="com.cs.arris.Tests.TC62_Login_And_Verify_Add_Device_Test" name="Login_And_Onboard" time="0.0">
    <skipped/>
  </testcase> <!-- Login_And_Onboard -->
  <testcase classname="com.cs.arris.Tests.TC62_Login_And_Verify_Add_Device_Test" name="Verify_Remove_Device_Page" time="0.0">
    <ignored/>
  </testcase> <!-- Verify_Remove_Device_Page -->
  <testcase classname="com.cs.arris.Tests.TC62_Login_And_Verify_Add_Device_Test" name="Verify_User_Guide_Page" time="0.0">
    <ignored/>
  </testcase> <!-- Verify_User_Guide_Page -->
  <testcase classname="com.cs.arris.Tests.TC62_Login_And_Verify_Add_Device_Test" name="Verify_FAQ_Page" time="0.0">
    <ignored/>
  </testcase> <!-- Verify_FAQ_Page -->
  <testcase classname="com.cs.arris.Tests.TC62_Login_And_Verify_Add_Device_Test" name="Verify_Add_Additional_Device" time="0.0">
    <ignored/>
  </testcase> <!-- Verify_Add_Additional_Device -->
  <testcase classname="com.cs.arris.Tests.TC62_Login_And_Verify_Add_Device_Test" name="Verify_Device_Details_Page" time="0.0">
    <ignored/>
  </testcase> <!-- Verify_Device_Details_Page -->
  <testcase classname="com.cs.arris.Tests.TC62_Login_And_Verify_Add_Device_Test" name="Verify_Cable_Modem_TabI" time="0.0">
    <ignored/>
  </testcase> <!-- Verify_Cable_Modem_TabI -->
  <testcase classname="com.cs.arris.Tests.TC62_Login_And_Verify_Add_Device_Test" name="Verify_Specifications_Page" time="0.0">
    <ignored/>
  </testcase> <!-- Verify_Specifications_Page -->
  <testcase classname="com.cs.arris.Tests.TC62_Login_And_Verify_Add_Device_Test" name="Verify_Notifications_Page" time="0.0">
    <ignored/>
  </testcase> <!-- Verify_Notifications_Page -->
  <testcase classname="com.cs.arris.Tests.TC62_Login_And_Verify_Add_Device_Test" name="Verify_Notifcations_Page" time="0.0">
    <ignored/>
  </testcase> <!-- Verify_Notifcations_Page -->
  <testcase classname="com.cs.arris.Tests.TC62_Login_And_Verify_Add_Device_Test" name="Verify_Max_Router_Tab" time="0.0">
    <ignored/>
  </testcase> <!-- Verify_Max_Router_Tab -->
</testsuite> <!-- Default test -->
