<?xml version="1.0" encoding="UTF-8"?>
<!-- Generated by org.testng.reporters.JUnitXMLReporter -->
<testsuite ignored="0" hostname="techleads-Mac-mini.local" failures="1" tests="1" name="Sign Up" time="22.042" errors="0" timestamp="2021-10-06T15:45:53 IST">
  <testcase classname="com.cs.arris.Tests.SignUpTest" name="signUp" time="14.034">
    <failure type="java.lang.NullPointerException">
      <![CDATA[java.lang.NullPointerException
at org.openqa.selenium.support.ui.ExpectedConditions.elementIfVisible(ExpectedConditions.java:314)
at org.openqa.selenium.support.ui.ExpectedConditions.access$000(ExpectedConditions.java:43)
at org.openqa.selenium.support.ui.ExpectedConditions$10.apply(ExpectedConditions.java:300)
at org.openqa.selenium.support.ui.ExpectedConditions$10.apply(ExpectedConditions.java:297)
at org.openqa.selenium.support.ui.FluentWait.until(FluentWait.java:249)
at com.cs.arris.Base.ParentClass.waitForVisibility(ParentClass.java:375)
at com.cs.arris.Base.ParentClass.sendKeys(ParentClass.java:405)
at com.cs.arris.Pages.WelcomeSignupPage.enterFirstName(WelcomeSignupPage.java:59)
at com.cs.arris.Tests.SignUpTest.lambda$7(SignUpTest.java:71)
at com.cs.arris.Workflows.UserSignUpWorkflow.welcomeSignupPage(UserSignUpWorkflow.java:78)
at com.cs.arris.Tests.SignUpTest.signUp(SignUpTest.java:69)
at java.base/java.util.ArrayList.forEach(ArrayList.java:1540)
... Removed 31 stack frames]]>
    </failure>
  </testcase> <!-- signUp -->
</testsuite> <!-- Sign Up -->
