<?xml version="1.0" encoding="UTF-8"?>
<testng-results ignored="0" total="4" passed="4" failed="0" skipped="0">
  <reporter-output>
  </reporter-output>
  <suite started-at="2021-10-21T15:02:50 IST" name="Android : W31-OnBoarding" finished-at="2021-10-21T15:12:06 IST" duration-ms="555952">
    <groups>
    </groups>
    <test started-at="2021-10-21T15:02:50 IST" name="Enter_Invalid_OTP_Test" finished-at="2021-10-21T15:04:12 IST" duration-ms="81930">
      <class name="com.cs.arris.Tests.TC03_Verify_Invalid_OTP_Test">
        <test-method is-config="true" signature="beforeTest()[pri:0, instance:com.cs.arris.Tests.TC03_Verify_Invalid_OTP_Test@576d5deb]" started-at="2021-10-21T15:02:50 IST" name="beforeTest" finished-at="2021-10-21T15:02:55 IST" duration-ms="4690" status="PASS">
          <reporter-output>
          </reporter-output>
        </test-method> <!-- beforeTest -->
        <test-method is-config="true" signature="beforeClass()[pri:0, instance:com.cs.arris.Tests.TC03_Verify_Invalid_OTP_Test@576d5deb]" started-at="2021-10-21T15:02:55 IST" name="beforeClass" finished-at="2021-10-21T15:02:55 IST" duration-ms="17" status="PASS">
          <reporter-output>
          </reporter-output>
        </test-method> <!-- beforeClass -->
        <test-method is-config="true" signature="beforeMethod()[pri:0, instance:com.cs.arris.Tests.TC03_Verify_Invalid_OTP_Test@576d5deb]" started-at="2021-10-21T15:02:55 IST" name="beforeMethod" finished-at="2021-10-21T15:02:55 IST" duration-ms="663" status="PASS">
          <reporter-output>
          </reporter-output>
        </test-method> <!-- beforeMethod -->
        <test-method is-config="true" signature="beforeMethod(java.lang.reflect.Method)[pri:0, instance:com.cs.arris.Tests.TC03_Verify_Invalid_OTP_Test@576d5deb]" started-at="2021-10-21T15:02:55 IST" name="beforeMethod" finished-at="2021-10-21T15:02:55 IST" duration-ms="9" status="PASS">
          <params>
            <param index="0">
              <value>
                <![CDATA[public void com.cs.arris.Tests.TC03_Verify_Invalid_OTP_Test.Verify_Invalid_PassCode()]]>
              </value>
            </param>
          </params>
          <reporter-output>
          </reporter-output>
        </test-method> <!-- beforeMethod -->
        <test-method signature="Verify_Invalid_PassCode()[pri:1, instance:com.cs.arris.Tests.TC03_Verify_Invalid_OTP_Test@576d5deb]" started-at="2021-10-21T15:02:55 IST" name="Verify_Invalid_PassCode" finished-at="2021-10-21T15:04:07 IST" duration-ms="71394" status="PASS">
          <reporter-output>
          </reporter-output>
        </test-method> <!-- Verify_Invalid_PassCode -->
        <test-method is-config="true" signature="afterMethod(org.testng.ITestResult)[pri:0, instance:com.cs.arris.Tests.TC03_Verify_Invalid_OTP_Test@576d5deb]" started-at="2021-10-21T15:04:07 IST" name="afterMethod" finished-at="2021-10-21T15:04:12 IST" duration-ms="4805" status="PASS">
          <params>
            <param index="0">
              <value>
                <![CDATA[[TestResult name=Verify_Invalid_PassCode status=SUCCESS method=TC03_Verify_Invalid_OTP_Test.Verify_Invalid_PassCode()[pri:1, instance:com.cs.arris.Tests.TC03_Verify_Invalid_OTP_Test@576d5deb] output={null}]]]>
              </value>
            </param>
          </params>
          <reporter-output>
          </reporter-output>
        </test-method> <!-- afterMethod -->
        <test-method is-config="true" signature="afterTest()[pri:0, instance:com.cs.arris.Tests.TC03_Verify_Invalid_OTP_Test@576d5deb]" started-at="2021-10-21T15:04:12 IST" name="afterTest" finished-at="2021-10-21T15:04:12 IST" duration-ms="251" status="PASS">
          <reporter-output>
          </reporter-output>
        </test-method> <!-- afterTest -->
      </class> <!-- com.cs.arris.Tests.TC03_Verify_Invalid_OTP_Test -->
    </test> <!-- Enter_Invalid_OTP_Test -->
    <test started-at="2021-10-21T15:04:17 IST" name="EC_0002_1002_Disconnect_Wifi_On_Mobile_Test" finished-at="2021-10-21T15:05:13 IST" duration-ms="55938">
      <class name="com.cs.arris.Tests.TC02_EC_0002_1002_Disconnect_Wifi_On_Mobile_Test">
        <test-method is-config="true" signature="beforeTest()[pri:0, instance:com.cs.arris.Tests.TC02_EC_0002_1002_Disconnect_Wifi_On_Mobile_Test@11392934]" started-at="2021-10-21T15:04:17 IST" name="beforeTest" finished-at="2021-10-21T15:04:22 IST" duration-ms="4720" status="PASS">
          <reporter-output>
          </reporter-output>
        </test-method> <!-- beforeTest -->
        <test-method is-config="true" signature="beforeClass()[pri:0, instance:com.cs.arris.Tests.TC02_EC_0002_1002_Disconnect_Wifi_On_Mobile_Test@11392934]" started-at="2021-10-21T15:04:22 IST" name="beforeClass" finished-at="2021-10-21T15:04:22 IST" duration-ms="25" status="PASS">
          <reporter-output>
          </reporter-output>
        </test-method> <!-- beforeClass -->
        <test-method is-config="true" signature="beforeMethod()[pri:0, instance:com.cs.arris.Tests.TC02_EC_0002_1002_Disconnect_Wifi_On_Mobile_Test@11392934]" started-at="2021-10-21T15:04:22 IST" name="beforeMethod" finished-at="2021-10-21T15:04:23 IST" duration-ms="606" status="PASS">
          <reporter-output>
          </reporter-output>
        </test-method> <!-- beforeMethod -->
        <test-method is-config="true" signature="beforeMethod(java.lang.reflect.Method)[pri:0, instance:com.cs.arris.Tests.TC02_EC_0002_1002_Disconnect_Wifi_On_Mobile_Test@11392934]" started-at="2021-10-21T15:04:23 IST" name="beforeMethod" finished-at="2021-10-21T15:04:23 IST" duration-ms="17" status="PASS">
          <params>
            <param index="0">
              <value>
                <![CDATA[public void com.cs.arris.Tests.TC02_EC_0002_1002_Disconnect_Wifi_On_Mobile_Test.EC_0002_1002_Disconnect_Wifi_On_Mobile_Test()]]>
              </value>
            </param>
          </params>
          <reporter-output>
          </reporter-output>
        </test-method> <!-- beforeMethod -->
        <test-method signature="EC_0002_1002_Disconnect_Wifi_On_Mobile_Test()[pri:1, instance:com.cs.arris.Tests.TC02_EC_0002_1002_Disconnect_Wifi_On_Mobile_Test@11392934]" started-at="2021-10-21T15:04:23 IST" name="EC_0002_1002_Disconnect_Wifi_On_Mobile_Test" finished-at="2021-10-21T15:05:11 IST" duration-ms="48722" status="PASS">
          <reporter-output>
          </reporter-output>
        </test-method> <!-- EC_0002_1002_Disconnect_Wifi_On_Mobile_Test -->
        <test-method is-config="true" signature="afterMethod(org.testng.ITestResult)[pri:0, instance:com.cs.arris.Tests.TC02_EC_0002_1002_Disconnect_Wifi_On_Mobile_Test@11392934]" started-at="2021-10-21T15:05:11 IST" name="afterMethod" finished-at="2021-10-21T15:05:13 IST" duration-ms="1599" status="PASS">
          <params>
            <param index="0">
              <value>
                <![CDATA[[TestResult name=EC_0002_1002_Disconnect_Wifi_On_Mobile_Test status=SUCCESS method=TC02_EC_0002_1002_Disconnect_Wifi_On_Mobile_Test.EC_0002_1002_Disconnect_Wifi_On_Mobile_Test()[pri:1, instance:com.cs.arris.Tests.TC02_EC_0002_1002_Disconnect_Wifi_On_Mobile_Test@11392934] output={null}]]]>
              </value>
            </param>
          </params>
          <reporter-output>
          </reporter-output>
        </test-method> <!-- afterMethod -->
        <test-method is-config="true" signature="afterTest()[pri:0, instance:com.cs.arris.Tests.TC02_EC_0002_1002_Disconnect_Wifi_On_Mobile_Test@11392934]" started-at="2021-10-21T15:05:13 IST" name="afterTest" finished-at="2021-10-21T15:05:13 IST" duration-ms="234" status="PASS">
          <reporter-output>
          </reporter-output>
        </test-method> <!-- afterTest -->
      </class> <!-- com.cs.arris.Tests.TC02_EC_0002_1002_Disconnect_Wifi_On_Mobile_Test -->
    </test> <!-- EC_0002_1002_Disconnect_Wifi_On_Mobile_Test -->
    <test started-at="2021-10-21T15:05:18 IST" name="EC_0001_1201_Disconnect_Bluetooth_On_Mobile_Test" finished-at="2021-10-21T15:06:33 IST" duration-ms="74338">
      <class name="com.cs.arris.Tests.TC01_EC_0001_1201_Disconnect_Bluetooth_On_Mobile_Test">
        <test-method is-config="true" signature="beforeTest()[pri:0, instance:com.cs.arris.Tests.TC01_EC_0001_1201_Disconnect_Bluetooth_On_Mobile_Test@449a4f23]" started-at="2021-10-21T15:05:18 IST" name="beforeTest" finished-at="2021-10-21T15:05:23 IST" duration-ms="4768" status="PASS">
          <reporter-output>
          </reporter-output>
        </test-method> <!-- beforeTest -->
        <test-method is-config="true" signature="beforeClass()[pri:0, instance:com.cs.arris.Tests.TC01_EC_0001_1201_Disconnect_Bluetooth_On_Mobile_Test@449a4f23]" started-at="2021-10-21T15:05:23 IST" name="beforeClass" finished-at="2021-10-21T15:05:23 IST" duration-ms="61" status="PASS">
          <reporter-output>
          </reporter-output>
        </test-method> <!-- beforeClass -->
        <test-method is-config="true" signature="beforeMethod()[pri:0, instance:com.cs.arris.Tests.TC01_EC_0001_1201_Disconnect_Bluetooth_On_Mobile_Test@449a4f23]" started-at="2021-10-21T15:05:23 IST" name="beforeMethod" finished-at="2021-10-21T15:05:24 IST" duration-ms="646" status="PASS">
          <reporter-output>
          </reporter-output>
        </test-method> <!-- beforeMethod -->
        <test-method is-config="true" signature="beforeMethod(java.lang.reflect.Method)[pri:0, instance:com.cs.arris.Tests.TC01_EC_0001_1201_Disconnect_Bluetooth_On_Mobile_Test@449a4f23]" started-at="2021-10-21T15:05:24 IST" name="beforeMethod" finished-at="2021-10-21T15:05:24 IST" duration-ms="14" status="PASS">
          <params>
            <param index="0">
              <value>
                <![CDATA[public void com.cs.arris.Tests.TC01_EC_0001_1201_Disconnect_Bluetooth_On_Mobile_Test.EC_0001_1201_Disconnect_Bluetooth_On_Mobile_Test()]]>
              </value>
            </param>
          </params>
          <reporter-output>
          </reporter-output>
        </test-method> <!-- beforeMethod -->
        <test-method signature="EC_0001_1201_Disconnect_Bluetooth_On_Mobile_Test()[pri:1, instance:com.cs.arris.Tests.TC01_EC_0001_1201_Disconnect_Bluetooth_On_Mobile_Test@449a4f23]" started-at="2021-10-21T15:05:24 IST" name="EC_0001_1201_Disconnect_Bluetooth_On_Mobile_Test" finished-at="2021-10-21T15:06:28 IST" duration-ms="64029" status="PASS">
          <reporter-output>
          </reporter-output>
        </test-method> <!-- EC_0001_1201_Disconnect_Bluetooth_On_Mobile_Test -->
        <test-method is-config="true" signature="afterMethod(org.testng.ITestResult)[pri:0, instance:com.cs.arris.Tests.TC01_EC_0001_1201_Disconnect_Bluetooth_On_Mobile_Test@449a4f23]" started-at="2021-10-21T15:06:28 IST" name="afterMethod" finished-at="2021-10-21T15:06:32 IST" duration-ms="4475" status="PASS">
          <params>
            <param index="0">
              <value>
                <![CDATA[[TestResult name=EC_0001_1201_Disconnect_Bluetooth_On_Mobile_Test status=SUCCESS method=TC01_EC_0001_1201_Disconnect_Bluetooth_On_Mobile_Test.EC_0001_1201_Disconnect_Bluetooth_On_Mobile_Test()[pri:1, instance:com.cs.arris.Tests.TC01_EC_0001_1201_Disconnect_Bluetooth_On_Mobile_Test@449a4f23] output={null}]]]>
              </value>
            </param>
          </params>
          <reporter-output>
          </reporter-output>
        </test-method> <!-- afterMethod -->
        <test-method is-config="true" signature="afterTest()[pri:0, instance:com.cs.arris.Tests.TC01_EC_0001_1201_Disconnect_Bluetooth_On_Mobile_Test@449a4f23]" started-at="2021-10-21T15:06:32 IST" name="afterTest" finished-at="2021-10-21T15:06:33 IST" duration-ms="327" status="PASS">
          <reporter-output>
          </reporter-output>
        </test-method> <!-- afterTest -->
      </class> <!-- com.cs.arris.Tests.TC01_EC_0001_1201_Disconnect_Bluetooth_On_Mobile_Test -->
    </test> <!-- EC_0001_1201_Disconnect_Bluetooth_On_Mobile_Test -->
    <test started-at="2021-10-21T15:06:38 IST" name="Signin_And_Onboard_Test" finished-at="2021-10-21T15:12:06 IST" duration-ms="327937">
      <class name="com.cs.arris.Tests.TC51_Signin_And_Onboard_Test">
        <test-method is-config="true" signature="beforeSuite(java.lang.String,java.lang.String)[pri:0, instance:com.cs.arris.Tests.TC51_Signin_And_Onboard_Test@4b741d6d]" started-at="2021-10-21T15:02:28 IST" name="beforeSuite" finished-at="2021-10-21T15:02:50 IST" duration-ms="22227" status="PASS">
          <params>
            <param index="0">
              <value>
                <![CDATA[Android]]>
              </value>
            </param>
            <param index="1">
              <value>
                <![CDATA[Android]]>
              </value>
            </param>
          </params>
          <reporter-output>
          </reporter-output>
        </test-method> <!-- beforeSuite -->
        <test-method is-config="true" signature="beforeTest()[pri:0, instance:com.cs.arris.Tests.TC51_Signin_And_Onboard_Test@4b741d6d]" started-at="2021-10-21T15:06:38 IST" name="beforeTest" finished-at="2021-10-21T15:06:43 IST" duration-ms="4961" status="PASS">
          <reporter-output>
          </reporter-output>
        </test-method> <!-- beforeTest -->
        <test-method is-config="true" signature="beforeClass()[pri:0, instance:com.cs.arris.Tests.TC51_Signin_And_Onboard_Test@4b741d6d]" started-at="2021-10-21T15:06:43 IST" name="beforeClass" finished-at="2021-10-21T15:06:43 IST" duration-ms="21" status="PASS">
          <reporter-output>
          </reporter-output>
        </test-method> <!-- beforeClass -->
        <test-method is-config="true" signature="beforeMethod()[pri:0, instance:com.cs.arris.Tests.TC51_Signin_And_Onboard_Test@4b741d6d]" started-at="2021-10-21T15:06:43 IST" name="beforeMethod" finished-at="2021-10-21T15:06:43 IST" duration-ms="602" status="PASS">
          <reporter-output>
          </reporter-output>
        </test-method> <!-- beforeMethod -->
        <test-method is-config="true" signature="beforeMethod(java.lang.reflect.Method)[pri:0, instance:com.cs.arris.Tests.TC51_Signin_And_Onboard_Test@4b741d6d]" started-at="2021-10-21T15:06:43 IST" name="beforeMethod" finished-at="2021-10-21T15:06:43 IST" duration-ms="4" status="PASS">
          <params>
            <param index="0">
              <value>
                <![CDATA[public void com.cs.arris.Tests.TC51_Signin_And_Onboard_Test.Verify_Signin_And_Onboard()]]>
              </value>
            </param>
          </params>
          <reporter-output>
          </reporter-output>
        </test-method> <!-- beforeMethod -->
        <test-method signature="Verify_Signin_And_Onboard()[pri:1, instance:com.cs.arris.Tests.TC51_Signin_And_Onboard_Test@4b741d6d]" started-at="2021-10-21T15:06:43 IST" name="Verify_Signin_And_Onboard" finished-at="2021-10-21T15:11:56 IST" duration-ms="312330" status="PASS">
          <reporter-output>
          </reporter-output>
        </test-method> <!-- Verify_Signin_And_Onboard -->
        <test-method is-config="true" signature="afterMethod(org.testng.ITestResult)[pri:0, instance:com.cs.arris.Tests.TC51_Signin_And_Onboard_Test@4b741d6d]" started-at="2021-10-21T15:11:56 IST" name="afterMethod" finished-at="2021-10-21T15:12:06 IST" duration-ms="9730" status="PASS">
          <params>
            <param index="0">
              <value>
                <![CDATA[[TestResult name=Verify_Signin_And_Onboard status=SUCCESS method=TC51_Signin_And_Onboard_Test.Verify_Signin_And_Onboard()[pri:1, instance:com.cs.arris.Tests.TC51_Signin_And_Onboard_Test@4b741d6d] output={null}]]]>
              </value>
            </param>
          </params>
          <reporter-output>
          </reporter-output>
        </test-method> <!-- afterMethod -->
        <test-method is-config="true" signature="afterTest()[pri:0, instance:com.cs.arris.Tests.TC51_Signin_And_Onboard_Test@4b741d6d]" started-at="2021-10-21T15:12:06 IST" name="afterTest" finished-at="2021-10-21T15:12:06 IST" duration-ms="276" status="PASS">
          <reporter-output>
          </reporter-output>
        </test-method> <!-- afterTest -->
        <test-method is-config="true" signature="afterSuite()[pri:0, instance:com.cs.arris.Tests.TC51_Signin_And_Onboard_Test@4b741d6d]" started-at="2021-10-21T15:12:11 IST" name="afterSuite" finished-at="2021-10-21T15:12:12 IST" duration-ms="678" status="PASS">
          <reporter-output>
          </reporter-output>
        </test-method> <!-- afterSuite -->
      </class> <!-- com.cs.arris.Tests.TC51_Signin_And_Onboard_Test -->
    </test> <!-- Signin_And_Onboard_Test -->
  </suite> <!-- Android : W31-OnBoarding -->
</testng-results>
