<?xml version="1.0" encoding="UTF-8"?>
<testsuite xmlns:xsi="http://www.w3.org/2001/XMLSchema-instance" xsi:noNamespaceSchemaLocation="https://maven.apache.org/surefire/maven-surefire-plugin/xsd/surefire-test-report.xsd" name="TestSuite" time="127.556" tests="1" errors="0" skipped="0" failures="1">
  <properties>
[...]
</properties>
  <testcase name="Verify_HomePage" classname="com.cs.arris.Tests.TC52_HomePage_Test" time="93.355">
    <failure message="Expected condition failed: waiting for visibility of Located by By.chained({By.all({By.xpath: //android.widget.Button[@resource-id=&apos;com.arris.sbcBeta:id/btn_dialog_ok&apos;],By.xpath: //android.widget.Button[@bounds=&apos;[147,1312][933,1449]&apos;],By.id: com.arris.sbcBeta:id/btn_dialog_ok})}) (tried for 10 second(s) with 500 milliseconds interval)" type="org.openqa.selenium.TimeoutException">org.openqa.selenium.TimeoutException: Expected condition failed: waiting for visibility of Located by By.chained({By.all({By.xpath: //android.widget.Button[@resource-id='com.arris.sbcBeta:id/btn_dialog_ok'],By.xpath: //android.widget.Button[@bounds='[147,1312][933,1449]'],By.id: com.arris.sbcBeta:id/btn_dialog_ok})}) (tried for 10 second(s) with 500 milliseconds interval)
	at com.cs.arris.Tests.TC52_HomePage_Test.lambda$Verify_HomePage$11(TC52_HomePage_Test.java:118)
	at com.cs.arris.Tests.TC52_HomePage_Test.Verify_HomePage(TC52_HomePage_Test.java:117)
Caused by: org.openqa.selenium.NoSuchElementException: Can't locate an element by this strategy: By.chained({By.all({By.xpath: //android.widget.Button[@resource-id='com.arris.sbcBeta:id/btn_dialog_ok'],By.xpath: //android.widget.Button[@bounds='[147,1312][933,1449]'],By.id: com.arris.sbcBeta:id/btn_dialog_ok})})
	at com.cs.arris.Tests.TC52_HomePage_Test.lambda$Verify_HomePage$11(TC52_HomePage_Test.java:118)
	at com.cs.arris.Tests.TC52_HomePage_Test.Verify_HomePage(TC52_HomePage_Test.java:117)
Caused by: org.openqa.selenium.TimeoutException: Expected condition failed: waiting for io.appium.java_client.pagefactory.AppiumElementLocator$WaitingFunction@590f0c50 (tried for 1 second(s) with 500 milliseconds interval)
	at com.cs.arris.Tests.TC52_HomePage_Test.lambda$Verify_HomePage$11(TC52_HomePage_Test.java:118)
	at com.cs.arris.Tests.TC52_HomePage_Test.Verify_HomePage(TC52_HomePage_Test.java:117)
Caused by: org.openqa.selenium.NoSuchElementException: 
Cannot locate an element using By.chained({By.all({By.xpath: //android.widget.Button[@resource-id='com.arris.sbcBeta:id/btn_dialog_ok'],By.xpath: //android.widget.Button[@bounds='[147,1312][933,1449]'],By.id: com.arris.sbcBeta:id/btn_dialog_ok})})
For documentation on this error, please visit: https://www.seleniumhq.org/exceptions/no_such_element.html
Build info: version: '3.141.59', revision: 'e82be7d358', time: '2018-11-14T08:17:03'
System info: host: 'techleads-Mac-mini.local', ip: '192.168.0.131', os.name: 'Mac OS X', os.arch: 'x86_64', os.version: '10.16', java.version: '11.0.2'
Driver info: driver.version: AndroidDriver
	at com.cs.arris.Tests.TC52_HomePage_Test.lambda$Verify_HomePage$11(TC52_HomePage_Test.java:118)
	at com.cs.arris.Tests.TC52_HomePage_Test.Verify_HomePage(TC52_HomePage_Test.java:117)
</failure>
    <system-out><![CDATA[[INFO ] 2021-10-29 20:04:18.966 com.cs.arris.Base.ParentClass:285 - loading... config.properties
[INFO ] 2021-10-29 20:04:18.990 com.cs.arris.Base.ParentClass:293 - Config.properties object is set to Thread Local
[INFO ] 2021-10-29 20:04:18.992 com.cs.arris.Base.ParentClass:316 - loading... strings/strings.xml
[INFO ] 2021-10-29 20:04:19.000 com.cs.arris.Base.ParentClass:330 - loading... error_codes/error_codes.xml
[INFO ] 2021-10-29 20:04:19.053 com.cs.arris.Base.ParentClass:278 - log path: logs/Android_RZ8M3002DGL/2021-10-29
[INFO ] 2021-10-29 20:04:19.063 com.cs.arris.Base.ParentClass:220 - Setting Android driver capabilities
[INFO ] 2021-10-29 20:04:30.766 com.cs.arris.Base.ParentClass:229 - Android Driver is set to the Thread Local context android
[INFO ] 2021-10-29 20:04:30.767 com.cs.arris.Base.ParentClass:230 - Android driver initialized: 
[INFO ] 2021-10-29 20:04:34.887 com.cs.arris.Tests.TC52_HomePage_Test:45 - Loading...Sign Up Test Data
[INFO ] 2021-10-29 20:04:34.891 com.cs.arris.Base.ParentClass:302 - loading...testdata/signup
[INFO ] 2021-10-29 20:04:34.899 com.cs.arris.Tests.TC52_HomePage_Test:49 - First Name : demo
[INFO ] 2021-10-29 20:04:34.903 com.cs.arris.Tests.TC52_HomePage_Test:52 - Last Name : user 
[INFO ] 2021-10-29 20:04:34.905 com.cs.arris.Tests.TC52_HomePage_Test:55 - Email address : demouser2652@gmail.com
[INFO ] 2021-10-29 20:04:34.908 com.cs.arris.Tests.TC52_HomePage_Test:58 - UDID : RZ8M3002DGL
[INFO ] 2021-10-29 20:04:34.909 com.cs.arris.Tests.TC52_HomePage_Test:60 - Retrieved...Sign Up Test Data
[INFO ] 2021-10-29 20:04:35.648 com.cs.arris.Tests.TC52_HomePage_Test:70 - 
****** starting test:Verify_HomePage******

[INFO ] 2021-10-29 20:04:36.164 com.cs.arris.Pages.GetStartedPage:44 - Get Started - Clicked on Get Started Button
[INFO ] 2021-10-29 20:04:36.932 com.cs.arris.Pages.GrantPermissionsPage:183 - Grant Permissions - Clicked on Continue Button
[INFO ] 2021-10-29 20:04:37.652 com.cs.arris.Pages.DeviceLocationPage:105 - Device Location - Clicked Only this time
[INFO ] 2021-10-29 20:04:53.518 com.cs.arris.Pages.DeviceLocationPage:107 - Device Location - Clicked Allow
[INFO ] 2021-10-29 20:04:53.825 com.cs.arris.Pages.AccessResourcesOnDevicePage:49 - Access Resources On Device - Clicked on Allow Link
[INFO ] 2021-10-29 20:04:55.142 com.cs.arris.Pages.SelectYourDevicePage:64 - Select your Device 1 - Selected SURFboard mAX option
[INFO ] 2021-10-29 20:04:56.061 com.cs.arris.Pages.SelectYourDevicePage:73 - Select your Device 1 - Clicked Next Button
[INFO ] 2021-10-29 20:04:57.079 com.cs.arris.Pages.SelectYourDevicePage2:73 - Select your Device 2 - Selected mAX Pro AX11000 option
[INFO ] 2021-10-29 20:04:57.952 com.cs.arris.Pages.SelectYourDevicePage2:82 - Select your Device 2 - Clicked Next Button
[INFO ] 2021-10-29 20:05:01.296 com.cs.arris.Pages.SiginPage:52 - Sigin Page - Entered user email address
[INFO ] 2021-10-29 20:05:02.135 com.cs.arris.Pages.SiginPage:60 - Sigin Page - Clicked on Signin Button
[INFO ] 2021-10-29 20:05:14.159 com.cs.arris.Utilities.ValidOTP:118 - loading...emailDetails
[INFO ] 2021-10-29 20:05:20.259 com.cs.arris.Pages.EnterValidOTPPage:61 - Entering valid OTP...054683
------------------------------
Waiting for com.cs.arris.Pages.CodeVerifiedPage@34d45ec0 to load
CODE VERIFIED
[INFO ] 2021-10-29 20:05:21.800 com.cs.arris.Pages.CodeVerifiedPage:74 - OTP Code Verified Page - Clicked on Next Button
[INFO ] 2021-10-29 20:05:46.893 com.cs.arris.Pages.SetUpYourWiFiManagementPage:49 - Setup Wifi Management Page - Clicked on Skip Tutorial Button
]]></system-out>
    <system-err><![CDATA[Oct 29, 2021 8:04:30 PM io.appium.java_client.remote.AppiumCommandExecutor$1 lambda$0
INFO: Detected dialect: W3C
]]></system-err>
  </testcase>
</testsuite>