<?xml version="1.0" encoding="UTF-8"?>
<testsuite xmlns:xsi="http://www.w3.org/2001/XMLSchema-instance" xsi:noNamespaceSchemaLocation="https://maven.apache.org/surefire/maven-surefire-plugin/xsd/surefire-test-report.xsd" name="TestSuite" time="324.004" tests="1" errors="0" skipped="0" failures="1">
  <properties>
[...]
</properties>
  <testcase name="Verify_DevicesPage" classname="com.cs.arris.Tests.TC53_Login_And_Verify_DevicesPage_Test" time="290.415">
    <failure message="An element could not be located on the page using the given search parameters.&#10;For documentation on this error, please visit: https://www.seleniumhq.org/exceptions/no_such_element.html&#10;Build info: version: &apos;3.141.59&apos;, revision: &apos;e82be7d358&apos;, time: &apos;2018-11-14T08:17:03&apos;&#10;System info: host: &apos;techleads-Mac-mini.local&apos;, ip: &apos;192.168.0.131&apos;, os.name: &apos;Mac OS X&apos;, os.arch: &apos;x86_64&apos;, os.version: &apos;10.16&apos;, java.version: &apos;11.0.2&apos;&#10;Driver info: io.appium.java_client.android.AndroidDriver&#10;Capabilities {app: /Users/prabhu/.jenkins/work..., appPackage: com.arris.sbcBeta, automationName: UiAutomator2, databaseEnabled: false, desired: {app: /Users/prabhu/.jenkins/work..., automationName: UiAutomator2, deviceName: Android, noReset: false, platformName: android, udid: RZ8M3002DGL, version: 11}, deviceApiLevel: 30, deviceManufacturer: samsung, deviceModel: SM-G973F, deviceName: RZ8M3002DGL, deviceScreenDensity: 420, deviceScreenSize: 1080x2280, deviceUDID: RZ8M3002DGL, javascriptEnabled: true, locationContextEnabled: false, networkConnectionEnabled: true, noReset: false, pixelRatio: 2.625, platform: LINUX, platformName: Android, platformVersion: 11, statBarHeight: 112, takesScreenshot: true, udid: RZ8M3002DGL, version: 11, viewportRect: {height: 1930, left: 0, top: 112, width: 1080}, warnings: {}, webStorageEnabled: false}&#10;Session ID: 3614e9b3-46f5-43a5-ac64-1a756be7eb2d&#10;*** Element info: {Using=xpath, value=/hierarchy/android.widget.FrameLayout/android.widget.LinearLayout/android.widget.FrameLayout/android.widget.LinearLayout/android.widget.FrameLayout/androidx.drawerlayout.widget.DrawerLayout/android.view.ViewGroup/android.widget.LinearLayout/androidx.drawerlayout.widget.DrawerLayout/android.view.ViewGroup/android.widget.ScrollView/android.view.ViewGroup/android.view.ViewGroup/androidx.recyclerview.widget.RecyclerView/android.view.ViewGroup[1]/android.view.ViewGroup}" type="org.openqa.selenium.NoSuchElementException">org.openqa.selenium.NoSuchElementException: 
An element could not be located on the page using the given search parameters.
For documentation on this error, please visit: https://www.seleniumhq.org/exceptions/no_such_element.html
Build info: version: '3.141.59', revision: 'e82be7d358', time: '2018-11-14T08:17:03'
System info: host: 'techleads-Mac-mini.local', ip: '192.168.0.131', os.name: 'Mac OS X', os.arch: 'x86_64', os.version: '10.16', java.version: '11.0.2'
Driver info: io.appium.java_client.android.AndroidDriver
Capabilities {app: /Users/prabhu/.jenkins/work..., appPackage: com.arris.sbcBeta, automationName: UiAutomator2, databaseEnabled: false, desired: {app: /Users/prabhu/.jenkins/work..., automationName: UiAutomator2, deviceName: Android, noReset: false, platformName: android, udid: RZ8M3002DGL, version: 11}, deviceApiLevel: 30, deviceManufacturer: samsung, deviceModel: SM-G973F, deviceName: RZ8M3002DGL, deviceScreenDensity: 420, deviceScreenSize: 1080x2280, deviceUDID: RZ8M3002DGL, javascriptEnabled: true, locationContextEnabled: false, networkConnectionEnabled: true, noReset: false, pixelRatio: 2.625, platform: LINUX, platformName: Android, platformVersion: 11, statBarHeight: 112, takesScreenshot: true, udid: RZ8M3002DGL, version: 11, viewportRect: {height: 1930, left: 0, top: 112, width: 1080}, warnings: {}, webStorageEnabled: false}
Session ID: 3614e9b3-46f5-43a5-ac64-1a756be7eb2d
*** Element info: {Using=xpath, value=/hierarchy/android.widget.FrameLayout/android.widget.LinearLayout/android.widget.FrameLayout/android.widget.LinearLayout/android.widget.FrameLayout/androidx.drawerlayout.widget.DrawerLayout/android.view.ViewGroup/android.widget.LinearLayout/androidx.drawerlayout.widget.DrawerLayout/android.view.ViewGroup/android.widget.ScrollView/android.view.ViewGroup/android.view.ViewGroup/androidx.recyclerview.widget.RecyclerView/android.view.ViewGroup[1]/android.view.ViewGroup}
	at com.cs.arris.Tests.TC53_Login_And_Verify_DevicesPage_Test.lambda$Verify_DevicesPage$12(TC53_Login_And_Verify_DevicesPage_Test.java:164)
	at com.cs.arris.Tests.TC53_Login_And_Verify_DevicesPage_Test.Verify_DevicesPage(TC53_Login_And_Verify_DevicesPage_Test.java:135)
</failure>
    <system-out><![CDATA[[INFO ] 2021-11-01 01:03:33.924 com.cs.arris.Base.ParentClass:287 - loading... config.properties
[INFO ] 2021-11-01 01:03:33.945 com.cs.arris.Base.ParentClass:295 - Config.properties object is set to Thread Local
[INFO ] 2021-11-01 01:03:33.946 com.cs.arris.Base.ParentClass:318 - loading... strings/strings.xml
[INFO ] 2021-11-01 01:03:33.953 com.cs.arris.Base.ParentClass:332 - loading... error_codes/error_codes.xml
[INFO ] 2021-11-01 01:03:33.989 com.cs.arris.Base.ParentClass:280 - log path: logs/Android_RZ8M3002DGL/2021-11-01
[INFO ] 2021-11-01 01:03:33.998 com.cs.arris.Base.ParentClass:222 - Setting Android driver capabilities
[INFO ] 2021-11-01 01:03:44.644 com.cs.arris.Base.ParentClass:231 - Android Driver is set to the Thread Local context android
[INFO ] 2021-11-01 01:03:44.646 com.cs.arris.Base.ParentClass:232 - Android driver initialized: 
[INFO ] 2021-11-01 01:03:48.775 com.cs.arris.Tests.TC53_Login_And_Verify_DevicesPage_Test:47 - Loading...Sign Up Test Data
[INFO ] 2021-11-01 01:03:48.783 com.cs.arris.Base.ParentClass:304 - loading...testdata/signup
[INFO ] 2021-11-01 01:03:48.794 com.cs.arris.Tests.TC53_Login_And_Verify_DevicesPage_Test:51 - First Name : demo
[INFO ] 2021-11-01 01:03:48.796 com.cs.arris.Tests.TC53_Login_And_Verify_DevicesPage_Test:54 - Last Name : user 
[INFO ] 2021-11-01 01:03:48.798 com.cs.arris.Tests.TC53_Login_And_Verify_DevicesPage_Test:57 - Email address : demouser2652@gmail.com
[INFO ] 2021-11-01 01:03:48.802 com.cs.arris.Tests.TC53_Login_And_Verify_DevicesPage_Test:60 - UDID : RZ8M3002DGL
[INFO ] 2021-11-01 01:03:48.803 com.cs.arris.Tests.TC53_Login_And_Verify_DevicesPage_Test:62 - Retrieved...Sign Up Test Data
[INFO ] 2021-11-01 01:03:49.510 com.cs.arris.Tests.TC53_Login_And_Verify_DevicesPage_Test:72 - 
****** starting test:Verify_DevicesPage******

[INFO ] 2021-11-01 01:03:50.108 com.cs.arris.Pages.GetStartedPage:44 - Get Started - Clicked on Get Started Button
[INFO ] 2021-11-01 01:03:50.878 com.cs.arris.Pages.GrantPermissionsPage:183 - Grant Permissions - Clicked on Continue Button
[INFO ] 2021-11-01 01:03:51.581 com.cs.arris.Pages.DeviceLocationPage:105 - Device Location - Clicked Only this time
[INFO ] 2021-11-01 01:04:07.397 com.cs.arris.Pages.DeviceLocationPage:107 - Device Location - Clicked Allow
[INFO ] 2021-11-01 01:04:10.801 com.cs.arris.Pages.AccessResourcesOnDevicePage:49 - Access Resources On Device - Clicked on Allow Link
[INFO ] 2021-11-01 01:04:21.211 com.cs.arris.Pages.SelectYourDevicePage:64 - Select your Device 1 - Selected SURFboard mAX option
[INFO ] 2021-11-01 01:04:22.051 com.cs.arris.Pages.SelectYourDevicePage:73 - Select your Device 1 - Clicked Next Button
[INFO ] 2021-11-01 01:04:23.136 com.cs.arris.Pages.SelectYourDevicePage2:73 - Select your Device 2 - Selected mAX Pro AX11000 option
[INFO ] 2021-11-01 01:04:24.021 com.cs.arris.Pages.SelectYourDevicePage2:82 - Select your Device 2 - Clicked Next Button
[INFO ] 2021-11-01 01:04:33.500 com.cs.arris.Pages.SiginPage:52 - Sigin Page - Entered user email address
[INFO ] 2021-11-01 01:04:34.301 com.cs.arris.Pages.SiginPage:60 - Sigin Page - Clicked on Signin Button
[INFO ] 2021-11-01 01:04:46.323 com.cs.arris.Utilities.ValidOTP:118 - loading...emailDetails
[INFO ] 2021-11-01 01:04:53.782 com.cs.arris.Pages.EnterValidOTPPage:61 - Entering valid OTP...808240
------------------------------
Waiting for com.cs.arris.Pages.CodeVerifiedPage@6b63e6ad to load
CODE VERIFIED
[INFO ] 2021-11-01 01:04:55.450 com.cs.arris.Pages.CodeVerifiedPage:74 - OTP Code Verified Page - Clicked on Next Button
[INFO ] 2021-11-01 01:05:20.605 com.cs.arris.Pages.SetUpYourWiFiManagementPage:49 - Setup Wifi Management Page - Clicked on Skip Tutorial Button
[INFO ] 2021-11-01 01:05:44.939 com.cs.arris.Pages.HomePage:813 - On Home Page
[INFO ] 2021-11-01 01:05:56.100 com.cs.arris.Pages.HomePage:693 - Home Page - Clicked on Devices Image
[INFO ] 2021-11-01 01:05:57.501 com.cs.arris.Pages.DevicesPage:721 - On Devices Page
[INFO ] 2021-11-01 01:05:57.644 com.cs.arris.Pages.DevicesPage:599 - Device Title is displayed
[INFO ] 2021-11-01 01:05:57.758 com.cs.arris.Pages.DevicesPage:604 - Back Icon is displayed
[INFO ] 2021-11-01 01:05:57.862 com.cs.arris.Pages.DevicesPage:609 - Help Icon is displayed
[INFO ] 2021-11-01 01:06:08.185 com.cs.arris.Pages.DevicesPage:614 - Online Tab is displayed
[INFO ] 2021-11-01 01:06:19.023 com.cs.arris.Pages.DevicesPage:619 - Offline Tab is displayed
[INFO ] 2021-11-01 01:06:19.260 com.cs.arris.Pages.DevicesPage:624 - Main Device name - MAIN - is displayed
[INFO ] 2021-11-01 01:06:19.498 com.cs.arris.Pages.DevicesPage:657 - Devices Page - Clicked on Back Button
[INFO ] 2021-11-01 01:06:25.338 com.cs.arris.Pages.HomePage:813 - On Home Page
[INFO ] 2021-11-01 01:06:36.157 com.cs.arris.Pages.HomePage:693 - Home Page - Clicked on Devices Image
[INFO ] 2021-11-01 01:06:36.863 com.cs.arris.Pages.DevicesPage:721 - On Devices Page
[INFO ] 2021-11-01 01:06:36.975 com.cs.arris.Pages.DevicesPage:270 - Device Page Title : Devices(2)
[INFO ] 2021-11-01 01:06:36.977 com.cs.arris.Pages.DevicesPage:272 - Number of Devices connected to the main mAX Router is : 2
[INFO ] 2021-11-01 01:07:32.477 com.cs.arris.Pages.DevicesPage:312 - Clicked on Online Button
[INFO ] 2021-11-01 01:07:32.612 com.cs.arris.Pages.DevicesPage:326 - Number of Devices currently online are : 1
[INFO ] 2021-11-01 01:07:32.613 com.cs.arris.Pages.DevicesPage:327 - Number of Devices currently offline are : 1
[INFO ] 2021-11-01 01:07:32.614 com.cs.arris.Pages.DevicesPage:175 - Online Device Count is : 1
[INFO ] 2021-11-01 01:07:32.614 com.cs.arris.Pages.DevicesPage:385 - Details of Online Devices Connected to Main Device
[INFO ] 2021-11-01 01:07:32.615 com.cs.arris.Pages.DevicesPage:386 - ****************************************************
[INFO ] 2021-11-01 01:07:32.616 com.cs.arris.Pages.DevicesPage:391 - Verifying Online Devices Details
[INFO ] 2021-11-01 01:07:33.211 com.cs.arris.Pages.DevicesPage:397 - Device Image is displayed
[INFO ] 2021-11-01 01:07:33.351 com.cs.arris.Pages.DevicesPage:402 - Device Name : Galaxy-S10(me) - is displayed
[INFO ] 2021-11-01 01:08:29.141 com.cs.arris.Pages.DevicesPage:360 - Clicked on Offline Button
[INFO ] 2021-11-01 01:08:34.655 com.cs.arris.Pages.DevicesPage:364 - No of offline devices : 0
[INFO ] 2021-11-01 01:08:34.656 com.cs.arris.Pages.DevicesPage:374 - Number of Devices currently offline are : 2
[INFO ] 2021-11-01 01:08:34.657 com.cs.arris.Pages.DevicesPage:375 - Number of Devices currently online are : 0
[INFO ] 2021-11-01 01:08:34.658 com.cs.arris.Pages.DevicesPage:182 - Offline Device Count is : 2
[INFO ] 2021-11-01 01:08:34.658 com.cs.arris.Pages.DevicesPage:495 - List of Offline Devices Connected to Main Device
[INFO ] 2021-11-01 01:08:34.658 com.cs.arris.Pages.DevicesPage:496 - *************************************************
]]></system-out>
    <system-err><![CDATA[Nov 01, 2021 1:03:44 AM io.appium.java_client.remote.AppiumCommandExecutor$1 lambda$0
INFO: Detected dialect: W3C
]]></system-err>
  </testcase>
</testsuite>