<?xml version="1.0" encoding="UTF-8"?>
<!-- Generated by org.testng.reporters.JUnitXMLReporter -->
<testsuite ignored="0" hostname="techleads-Mac-mini.local" failures="0" tests="1" name="COR_TC01_EC_0001_1201_Disconnect_Bluetooth_On_Mobile_Test" time="0.449" errors="0" timestamp="2021-10-16T02:53:29 IST">
  <testcase classname="com.cs.arris.Base.ParentClass" name="@BeforeTest beforeTest" time="0.002">
    <failure type="java.lang.NullPointerException">
      <![CDATA[java.lang.NullPointerException
at com.cs.arris.Base.ParentClass.launchApp(ParentClass.java:491)
at com.cs.arris.Base.ParentClass.beforeTest(ParentClass.java:244)
... Removed 24 stack frames]]>
    </failure>
  </testcase> <!-- @BeforeTest beforeTest -->
  <testcase classname="com.cs.arris.Tests.COR_TC01_EC_0005_1200_Disconnect_Bluetooth_On_Mobile_Device_Test" name="@BeforeClass beforeClass" time="-1.634333008614E9">
    <skipped/>
  </testcase> <!-- @BeforeClass beforeClass -->
  <testcase classname="com.cs.arris.Base.ParentClass" name="@BeforeMethod beforeMethod" time="-1.634333008626E9">
    <skipped/>
  </testcase> <!-- @BeforeMethod beforeMethod -->
  <testcase classname="com.cs.arris.Tests.COR_TC01_EC_0005_1200_Disconnect_Bluetooth_On_Mobile_Device_Test" name="@BeforeMethod beforeMethod" time="-1.634333008667E9">
    <skipped/>
  </testcase> <!-- @BeforeMethod beforeMethod -->
  <testcase classname="com.cs.arris.Base.ParentClass" name="@AfterMethod afterMethod" time="-1.634333009012E9">
    <skipped/>
  </testcase> <!-- @AfterMethod afterMethod -->
  <testcase classname="com.cs.arris.Base.ParentClass" name="@AfterTest afterTest" time="-1.634333009027E9">
    <skipped/>
  </testcase> <!-- @AfterTest afterTest -->
  <testcase classname="com.cs.arris.Tests.COR_TC01_EC_0005_1200_Disconnect_Bluetooth_On_Mobile_Device_Test" name="EC_0001_1201_Disconnect_Bluetooth_On_Mobile_Test" time="0.0">
    <skipped/>
  </testcase> <!-- EC_0001_1201_Disconnect_Bluetooth_On_Mobile_Test -->
</testsuite> <!-- COR_TC01_EC_0001_1201_Disconnect_Bluetooth_On_Mobile_Test -->
