<?xml version="1.0" encoding="UTF-8"?>
<!-- Generated by org.testng.reporters.JUnitXMLReporter -->
<testsuite ignored="0" hostname="techleads-Mac-mini.local" failures="1" tests="1" name="COR_TC01_EC_0005_1200_Disconnect_Bluetooth_On_Mobile_Device_Test" time="24.375" errors="0" timestamp="2021-10-16T13:45:57 IST">
  <testcase classname="com.cs.arris.Tests.COR_TC01_EC_0005_1200_Disconnect_Bluetooth_On_Mobile_Device_Test" name="EC_0005_1200_Disconnect_Bluetooth_On_Mobile_Test" time="16.283">
    <failure type="org.openqa.selenium.StaleElementReferenceException" message="The element &amp;apos;By.id: com.android.permissioncontroller:id/permission_allow_one_time_button&amp;apos; does not exist in DOM anymore
For documentation on this error, please visit: https://www.seleniumhq.org/exceptions/stale_element_reference.html
Build info: version: &amp;apos;3.141.59&amp;apos;, revision: &amp;apos;e82be7d358&amp;apos;, time: &amp;apos;2018-11-14T08:17:03&amp;apos;
System info: host: &amp;apos;techleads-Mac-mini.local&amp;apos;, ip: &amp;apos;192.168.0.132&amp;apos;, os.name: &amp;apos;Mac OS X&amp;apos;, os.arch: &amp;apos;x86_64&amp;apos;, os.version: &amp;apos;10.16&amp;apos;, java.version: &amp;apos;11.0.2&amp;apos;
Driver info: io.appium.java_client.android.AndroidDriver
Capabilities {app: /Users/prabhu/Documents/apk..., appPackage: com.arris.sbcBeta, automationName: UiAutomator2, databaseEnabled: false, desired: {app: /Users/prabhu/Documents/apk..., automationName: UiAutomator2, deviceName: Android, noReset: false, platformName: android, udid: RZ8M3002DGL, version: 11}, deviceApiLevel: 30, deviceManufacturer: samsung, deviceModel: SM-G973F, deviceName: RZ8M3002DGL, deviceScreenDensity: 420, deviceScreenSize: 1080x2280, deviceUDID: RZ8M3002DGL, javascriptEnabled: true, locationContextEnabled: false, networkConnectionEnabled: true, noReset: false, pixelRatio: 2.625, platform: LINUX, platformName: Android, platformVersion: 11, statBarHeight: 112, takesScreenshot: true, udid: RZ8M3002DGL, version: 11, viewportRect: {height: 1930, left: 0, top: 112, width: 1080}, warnings: {}, webStorageEnabled: false}
Session ID: 645f56f0-254a-44da-8ab0-18a82e74e782">
      <![CDATA[org.openqa.selenium.StaleElementReferenceException: The element 'By.id: com.android.permissioncontroller:id/permission_allow_one_time_button' does not exist in DOM anymore
For documentation on this error, please visit: https://www.seleniumhq.org/exceptions/stale_element_reference.html
Build info: version: '3.141.59', revision: 'e82be7d358', time: '2018-11-14T08:17:03'
System info: host: 'techleads-Mac-mini.local', ip: '192.168.0.132', os.name: 'Mac OS X', os.arch: 'x86_64', os.version: '10.16', java.version: '11.0.2'
Driver info: io.appium.java_client.android.AndroidDriver
Capabilities {app: /Users/prabhu/Documents/apk..., appPackage: com.arris.sbcBeta, automationName: UiAutomator2, databaseEnabled: false, desired: {app: /Users/prabhu/Documents/apk..., automationName: UiAutomator2, deviceName: Android, noReset: false, platformName: android, udid: RZ8M3002DGL, version: 11}, deviceApiLevel: 30, deviceManufacturer: samsung, deviceModel: SM-G973F, deviceName: RZ8M3002DGL, deviceScreenDensity: 420, deviceScreenSize: 1080x2280, deviceUDID: RZ8M3002DGL, javascriptEnabled: true, locationContextEnabled: false, networkConnectionEnabled: true, noReset: false, pixelRatio: 2.625, platform: LINUX, platformName: Android, platformVersion: 11, statBarHeight: 112, takesScreenshot: true, udid: RZ8M3002DGL, version: 11, viewportRect: {height: 1930, left: 0, top: 112, width: 1080}, warnings: {}, webStorageEnabled: false}
Session ID: 645f56f0-254a-44da-8ab0-18a82e74e782
at org.openqa.selenium.remote.http.W3CHttpResponseCodec.createException(W3CHttpResponseCodec.java:187)
at org.openqa.selenium.remote.http.W3CHttpResponseCodec.decode(W3CHttpResponseCodec.java:122)
at org.openqa.selenium.remote.http.W3CHttpResponseCodec.decode(W3CHttpResponseCodec.java:49)
at org.openqa.selenium.remote.HttpCommandExecutor.execute(HttpCommandExecutor.java:158)
at io.appium.java_client.remote.AppiumCommandExecutor.execute(AppiumCommandExecutor.java:239)
at org.openqa.selenium.remote.RemoteWebDriver.execute(RemoteWebDriver.java:552)
at io.appium.java_client.DefaultGenericMobileDriver.execute(DefaultGenericMobileDriver.java:41)
at io.appium.java_client.AppiumDriver.execute(AppiumDriver.java:1)
at io.appium.java_client.android.AndroidDriver.execute(AndroidDriver.java:1)
at org.openqa.selenium.remote.RemoteWebElement.execute(RemoteWebElement.java:285)
at io.appium.java_client.DefaultGenericMobileElement.execute(DefaultGenericMobileElement.java:45)
at io.appium.java_client.MobileElement.execute(MobileElement.java:1)
at io.appium.java_client.android.AndroidElement.execute(AndroidElement.java:1)
at org.openqa.selenium.remote.RemoteWebElement.getText(RemoteWebElement.java:166)
at io.appium.java_client.pagefactory.ElementInterceptor.getObject(ElementInterceptor.java:40)
at io.appium.java_client.pagefactory.interceptors.InterceptorOfASingleElement.intercept(InterceptorOfASingleElement.java:60)
at io.appium.java_client.android.AndroidElement$$EnhancerByCGLIB$$b598166c.getText(<generated>)
at com.cs.arris.Pages.DeviceLocationPage.clickOnlyThisTimeLink(DeviceLocationPage.java:103)
at com.cs.arris.COR.COR_EC_0005_1200_Disconnect_Bluetooth_On_Mobile_Device.lambda$new$4(COR_EC_0005_1200_Disconnect_Bluetooth_On_Mobile_Device.java:157)
at java.base/java.util.function.Function.lambda$andThen$1(Function.java:88)
at java.base/java.util.function.Function.lambda$andThen$1(Function.java:88)
at java.base/java.util.function.Function.lambda$andThen$1(Function.java:88)
at java.base/java.util.function.Function.lambda$andThen$1(Function.java:88)
at java.base/java.util.function.Function.lambda$andThen$1(Function.java:88)
at java.base/java.util.function.Function.lambda$andThen$1(Function.java:88)
at java.base/java.util.function.Function.lambda$andThen$1(Function.java:88)
at java.base/java.util.function.Function.lambda$andThen$1(Function.java:88)
at java.base/java.util.function.Function.lambda$andThen$1(Function.java:88)
at java.base/java.util.function.Function.lambda$andThen$1(Function.java:88)
at java.base/java.util.function.Function.lambda$andThen$1(Function.java:88)
at java.base/java.util.function.Function.lambda$andThen$1(Function.java:88)
at java.base/java.util.function.Function.lambda$andThen$1(Function.java:88)
at java.base/java.util.function.Function.lambda$andThen$1(Function.java:88)
at java.base/java.util.function.Function.lambda$andThen$1(Function.java:88)
at com.cs.arris.Tests.COR_TC01_EC_0005_1200_Disconnect_Bluetooth_On_Mobile_Device_Test.EC_0005_1200_Disconnect_Bluetooth_On_Mobile_Test(COR_TC01_EC_0005_1200_Disconnect_Bluetooth_On_Mobile_Device_Test.java:72)
at java.base/java.util.ArrayList.forEach(ArrayList.java:1540)
... Removed 35 stack frames]]>
    </failure>
  </testcase> <!-- EC_0005_1200_Disconnect_Bluetooth_On_Mobile_Test -->
</testsuite> <!-- COR_TC01_EC_0005_1200_Disconnect_Bluetooth_On_Mobile_Device_Test -->
