<?xml version="1.0" encoding="UTF-8"?>
<!-- Generated by org.testng.reporters.JUnitXMLReporter -->
<testsuite ignored="0" hostname="techleads-Mac-mini.local" failures="1" tests="1" name="W31-OB-Registration" time="27.695" errors="0" timestamp="2021-10-07T01:58:25 IST">
  <testcase classname="com.cs.arris.Tests.W31OB_SignUp_User_Test" name="W31OB_SignUpUser" time="23.173">
    <failure type="java.lang.NullPointerException">
      <![CDATA[java.lang.NullPointerException
at com.cs.arris.Base.ParentClass.sendKeys(ParentClass.java:409)
at com.cs.arris.Pages.OTPVerificationPage.enterPassCode(OTPVerificationPage.java:51)
at com.cs.arris.Tests.W31OB_SignUp_User_Test.lambda$8(W31OB_SignUp_User_Test.java:75)
at com.cs.arris.Workflows.W31OB_SignUp_Workflow.otpVerificationPage(W31OB_SignUp_Workflow.java:83)
at com.cs.arris.Tests.W31OB_SignUp_User_Test.W31OB_SignUpUser(W31OB_SignUp_User_Test.java:74)
at java.base/java.util.ArrayList.forEach(ArrayList.java:1540)
... Removed 31 stack frames]]>
    </failure>
  </testcase> <!-- W31OB_SignUpUser -->
</testsuite> <!-- W31-OB-Registration -->
